<?xml version="1.0" encoding="UTF-8"?>
<!-- Generated by org.testng.reporters.JUnitReportReporter -->
<testsuite skipped="0" hostname="DESKTOP-CJORJLB" name="com.oneclaim.testcases.LoginTestCRM" tests="1" failures="0" timestamp="2019-10-18T20:26:56 BST" time="5.018" errors="0">
  <testcase name="loginApp" time="5.018" classname="com.oneclaim.testcases.LoginTestCRM"/>
</testsuite> <!-- com.oneclaim.testcases.LoginTestCRM -->
